00000001	0.005171	[29364]	[iomodule.cpp:82][SetPath] exe path=D:\ADB\platform-tools\CCTv3\adb.exe
00000002	0.061685	[29364]	[mt6737.cpp:179][QueryPlatformInfo] get ini size info, reg=19352, cnf=19348
00000003	0.061766	[29364]	[kernelmodule.cpp:6851][VisitModule] found platform, ver=0xB001, name=MT6737, path=D:\ADB\platform-tools\CCTv3\platform\MT6737\MT6737.dll
00000004	0.127975	[29364]	[mt6739.cpp:171][QueryPlatformInfo] get ini size info, reg=19368, cnf=19364
00000005	0.128061	[29364]	[kernelmodule.cpp:6851][VisitModule] found platform, ver=0xB002, name=MT6739, path=D:\ADB\platform-tools\CCTv3\platform\MT6739\MT6739.dll
00000006	0.190033	[29364]	[mt6757p.cpp:171][QueryPlatformInfo] get ini size info, reg=41936, cnf=41932
00000007	0.190088	[29364]	[kernelmodule.cpp:6851][VisitModule] found platform, ver=0xB001, name=MT6757p, path=D:\ADB\platform-tools\CCTv3\platform\MT6757P\MT6757P.dll
00000008	0.252594	[29364]	[mt6761.cpp:160][QueryPlatformInfo] get ini size info, reg=157720, cnf=157716
00000009	0.252651	[29364]	[kernelmodule.cpp:6851][VisitModule] found platform, ver=0xB002, name=MT6761, path=D:\ADB\platform-tools\CCTv3\platform\MT6761\MT6761.dll
00000010	0.316894	[29364]	[mt6763.cpp:171][QueryPlatformInfo] get ini size info, reg=19368, cnf=19364
00000011	0.316966	[29364]	[kernelmodule.cpp:6851][VisitModule] found platform, ver=0xB001, name=MT6763, path=D:\ADB\platform-tools\CCTv3\platform\MT6763\MT6763.dll
00000012	0.379211	[29364]	[mt6765.cpp:172][QueryPlatformInfo] get ini size info, reg=19368, cnf=19364
00000013	0.379288	[29364]	[kernelmodule.cpp:6851][VisitModule] found platform, ver=0xB002, name=MT6765, path=D:\ADB\platform-tools\CCTv3\platform\MT6765\MT6765.dll
00000014	0.456077	[29364]	[mt6771.cpp:150][QueryPlatformInfo] get ini size info, reg=12848, cnf=5132
00000015	0.456169	[29364]	[kernelmodule.cpp:6851][VisitModule] found platform, ver=0xB001, name=MT6771, path=D:\ADB\platform-tools\CCTv3\platform\MT6771\MT6771.dll
00000016	0.541485	[29364]	[mt6779.cpp:151][QueryPlatformInfo] get ini size info, reg=12848, cnf=5132
00000017	0.541550	[29364]	[kernelmodule.cpp:6851][VisitModule] found platform, ver=0xB001, name=MT6779, path=D:\ADB\platform-tools\CCTv3\platform\MT6779\MT6779.dll
00000018	0.889335	[29364]	[mt6853.cpp:156][QueryPlatformInfo] get ini size info, reg=12848, cnf=5132
00000019	0.889401	[29364]	[kernelmodule.cpp:6851][VisitModule] found platform, ver=0xB001, name=MT6853, path=D:\ADB\platform-tools\CCTv3\platform\MT6853\MT6853.dll
00000020	1.215429	[29364]	[mt6855.cpp:156][QueryPlatformInfo] get ini size info, reg=12848, cnf=5132
00000021	1.215474	[29364]	[kernelmodule.cpp:6851][VisitModule] found platform, ver=0xB001, name=MT6855, path=D:\ADB\platform-tools\CCTv3\platform\MT6855\MT6855.dll
00000022	1.547112	[29364]	[mt6873.cpp:156][QueryPlatformInfo] get ini size info, reg=12848, cnf=5132
00000023	1.547167	[29364]	[kernelmodule.cpp:6851][VisitModule] found platform, ver=0xB001, name=MT6873, path=D:\ADB\platform-tools\CCTv3\platform\MT6873\MT6873.dll
00000024	1.882643	[29364]	[mt6885.cpp:156][QueryPlatformInfo] get ini size info, reg=12848, cnf=5132
00000025	1.882705	[29364]	[kernelmodule.cpp:6851][VisitModule] found platform, ver=0xB001, name=MT6885, path=D:\ADB\platform-tools\CCTv3\platform\MT6885\MT6885.dll
